Running ./Pthreads on elf21
####
2
2
####
./Pthreads2(null)SLURM_NODELIST=elf21__LMOD_REF_COUNT_XDG_DATA_DIRS=/homes/grantxc5/.local/share/flatpak/exports/share:1;/var/lib/flatpak/exports/share:1;/usr/local/share:1;/usr/share:1SLURM_JOB_NAME=PthreadsMANPATH=/usr/share/lmod/lmod/share/man::XDG_SESSION_ID=3352myID = 3 startPos = 750 endPos = 1000 
myID = 2 startPos = 500 endPos = 750 
myID = 1 startPos = 250 endPos = 500 
myID = 0 startPos = 0 endPos = 250 
0: 94.1
1: 91.9
2: 92.3
3: 93.6
4: 92.2
5: 91.1
6: 92.2
7: 93.8
8: 90.6
9: 92.8
10: 90.5
11: 89.0
12: 94.1
13: 89.1
14: 90.1
15: 94.4
16: 93.2
17: 90.9
18: 92.4
19: 93.5
20: 93.6
21: 90.1
22: 90.3
23: 92.0
24: 92.5
25: 94.1
26: 94.9
27: 89.6
28: 87.8
29: 92.2
30: 92.4
31: 90.5
32: 93.6
33: 93.1
34: 82.6
35: 90.4
36: 89.6
37: 94.2
38: 95.0
39: 94.5
40: 84.8
41: 92.5
42: 91.8
43: 92.4
44: 90.1
45: 91.6
46: 90.3
47: 84.3
48: 95.8
49: 92.4
50: 94.3
51: 91.8
52: 91.3
53: 86.9
54: 90.9
55: 93.3
56: 94.3
57: 89.5
58: 90.5
59: 91.8
60: 94.1
61: 81.9
62: 92.6
63: 94.4
64: 92.9
65: 93.5
66: 93.4
67: 93.2
68: 86.6
69: 85.2
70: 91.9
71: 89.0
72: 93.0
73: 87.8
74: 86.3
75: 93.9
76: 91.9
77: 92.3
78: 88.2
79: 91.8
80: 80.5
81: 90.7
82: 99.6
83: 92.4
84: 92.8
85: 81.3
86: 89.0
87: 84.1
88: 95.5
89: 93.7
90: 93.1
91: 94.6
92: 92.3
93: 91.7
94: 80.5
95: 92.2
96: 88.0
97: 90.3
98: 89.4
99: 89.7
100: 89.4
101: 92.9
102: 91.9
103: 87.8
104: 88.9
105: 89.3
106: 95.1
107: 89.0
108: 90.7
109: 87.5
110: 90.4
111: 89.3
112: 90.7
113: 88.8
114: 88.8
115: 85.9
116: 87.9
117: 88.9
118: 93.2
119: 88.4
120: 88.9
121: 93.0
122: 90.3
123: 92.4
124: 90.6
125: 87.8
126: 87.5
127: 90.0
128: 91.8
129: 88.8
130: 83.3
131: 93.3
132: 84.3
133: 93.4
134: 87.5
135: 92.4
136: 91.7
137: 88.7
138: 78.6
139: 92.9
140: 86.9
141: 92.6
142: 91.0
143: 84.6
144: 90.6
145: 93.8
146: 89.3
147: 91.3
148: 89.2
149: 90.1
150: 88.8
151: 85.5
152: 88.4
153: 86.7
154: 87.5
155: 87.1
156: 95.0
157: 93.1
158: 91.9
159: 85.8
160: 86.1
161: 87.1
162: 87.7
163: 93.1
164: 90.9
165: 91.6
166: 92.0
167: 89.8
168: 86.2
169: 90.8
170: 87.9
171: 87.0
172: 92.6
173: 87.9
174: 90.0
175: 89.0
176: 90.0
177: 87.4
178: 88.7
179: 91.6
180: 88.3
181: 92.6
182: 85.8
183: 90.7
184: 89.4
185: 89.6
186: 89.8
187: 83.3
188: 92.7
189: 79.0
190: 89.0
191: 81.9
192: 89.9
193: 90.3
194: 91.6
195: 81.2
196: 94.7
197: 90.2
198: 91.7
199: 91.2
200: 90.1
201: 88.3
202: 91.1
203: 90.3
204: 91.5
205: 90.6
206: 89.5
207: 90.3
208: 91.9
209: 89.5
210: 89.4
211: 89.0
212: 94.7
213: 76.0
214: 86.4
215: 91.0
216: 90.0
217: 90.2
218: 92.7
219: 75.4
220: 90.4
221: 91.8
222: 83.7
223: 92.5
224: 92.6
225: 89.3
226: 87.5
227: 91.4
228: 90.6
229: 91.1
230: 91.9
231: 91.1
232: 89.6
233: 90.0
234: 86.4
235: 92.5
236: 77.2
237: 91.8
238: 87.3
239: 87.0
240: 89.5
241: 87.6
242: 86.2
243: 87.0
244: 91.5
245: 92.0
246: 92.7
247: 93.0
248: 92.7
249: 92.6
250: 92.6
251: 92.4
252: 92.5
253: 92.8
254: 92.7
255: 92.7
256: 92.7
257: 93.0
258: 92.8
259: 90.8
260: 91.4
261: 87.0
262: 91.9
263: 93.8
264: 69.0
265: 93.7
266: 93.2
267: 89.1
268: 93.9
269: 86.2
270: 91.7
271: 89.3
272: 87.8
273: 93.1
274: 93.3
275: 91.8
276: 95.7
277: 91.3
278: 92.6
279: 95.7
280: 83.8
281: 89.6
282: 93.6
283: 86.5
284: 94.0
285: 85.9
286: 90.7
287: 90.2
288: 93.8
289: 84.9
290: 85.9
291: 83.6
292: 90.0
293: 77.9
294: 88.8
295: 87.7
296: 88.7
297: 93.8
298: 93.7
299: 72.6
300: 90.0
301: 91.5
302: 92.4
303: 91.9
304: 89.3
305: 89.8
306: 90.7
307: 91.6
308: 91.8
309: 92.9
310: 90.9
311: 90.9
312: 89.9
313: 93.1
314: 91.4
315: 93.4
316: 86.6
317: 83.4
318: 93.5
319: 92.2
320: 90.0
321: 88.5
322: 90.9
323: 94.3
324: 85.9
325: 92.1
326: 93.7
327: 80.8
328: 85.7
329: 90.2
330: 87.8
331: 90.5
332: 92.9
333: 93.2
334: 93.8
335: 91.4
336: 93.6
337: 93.4
338: 88.5
339: 91.6
340: 81.5
341: 90.2
342: 91.2
343: 89.5
344: 91.1
345: 85.9
346: 91.2
347: 84.9
348: 90.7
349: 94.3
350: 92.2
351: 90.6
352: 95.0
353: 94.6
354: 82.5
355: 84.0
356: 85.1
357: 91.7
358: 91.9
359: 91.2
360: 91.4
361: 93.5
362: 93.3
363: 94.0
364: 96.2
365: 89.4
366: 93.6
367: 92.2
368: 92.6
369: 88.4
370: 93.2
371: 88.6
372: 86.4
373: 85.2
374: 91.9
375: 90.4
376: 91.4
377: 93.9
378: 89.1
379: 85.2
380: 86.6
381: 93.3
382: 91.1
383: 90.5
384: 89.7
385: 92.2
386: 87.5
387: 91.5
388: 89.8
389: 89.6
390: 87.3
391: 87.7
392: 88.4
393: 90.5
394: 83.1
395: 91.8
396: 90.8
397: 92.8
398: 92.5
399: 92.7
400: 87.4
401: 86.4
402: 93.5
403: 88.7
404: 88.4
405: 89.1
406: 90.4
407: 94.4
408: 95.0
409: 94.8
410: 83.3
411: 84.6
412: 92.5
413: 93.4
414: 92.7
415: 93.2
416: 87.6
417: 92.3
418: 86.0
419: 93.1
420: 86.7
421: 83.5
422: 88.0
423: 82.9
424: 88.3
425: 88.1
426: 87.4
427: 91.6
428: 84.3
429: 81.4
430: 88.8
431: 90.0
432: 89.7
433: 87.2
434: 90.6
435: 91.6
436: 92.2
437: 93.6
438: 92.8
439: 90.6
440: 82.4
441: 94.2
442: 91.5
443: 94.2
444: 93.0
445: 92.7
446: 92.0
447: 92.6
448: 98.1
449: 90.6
450: 91.9
451: 91.2
452: 91.9
453: 95.8
454: 92.0
455: 90.7
456: 95.7
457: 92.9
458: 80.8
459: 91.7
460: 89.0
461: 78.5
462: 91.4
463: 91.6
464: 88.8
465: 91.0
466: 95.1
467: 95.1
468: 87.0
469: 94.0
470: 93.2
471: 92.8
472: 91.9
473: 89.2
474: 87.2
475: 82.0
476: 89.5
477: 93.1
478: 89.4
479: 88.7
480: 93.5
481: 88.6
482: 90.7
483: 70.1
484: 91.8
485: 76.3
486: 82.7
487: 91.2
488: 92.5
489: 92.9
490: 93.0
491: 91.8
492: 93.1
493: 84.7
494: 90.3
495: 84.4
496: 91.8
497: 91.3
498: 87.6
499: 95.5
500: 91.2
501: 87.9
502: 95.4
503: 94.5
504: 92.7
505: 91.2
506: 83.5
507: 93.3
508: 92.9
509: 93.4
510: 83.7
511: 93.5
512: 89.8
513: 94.8
514: 88.5
515: 91.6
516: 89.7
517: 93.0
518: 90.9
519: 92.8
520: 88.9
521: 94.7
522: 91.8
523: 94.1
524: 93.5
525: 88.5
526: 94.4
527: 86.4
528: 92.4
529: 87.4
530: 90.7
531: 91.9
532: 93.0
533: 90.5
534: 89.3
535: 90.7
536: 87.1
537: 89.8
538: 92.8
539: 93.3
540: 91.9
541: 91.1
542: 92.5
543: 92.2
544: 90.6
545: 92.1
546: 92.0
547: 93.4
548: 91.2
549: 92.2
550: 92.5
551: 90.8
552: 91.4
553: 91.3
554: 93.4
555: 91.3
556: 94.3
557: 86.5
558: 91.4
559: 91.7
560: 92.3
561: 92.4
562: 92.4
563: 92.4
564: 94.6
565: 92.5
566: 92.7
567: 94.1
568: 92.4
569: 87.7
570: 94.0
571: 88.1
572: 87.4
573: 94.3
574: 92.1
575: 91.7
576: 92.8
577: 90.3
578: 92.8
579: 93.2
580: 93.9
581: 95.0
582: 94.7
583: 91.9
584: 88.2
585: 94.4
586: 93.4
587: 88.6
588: 88.4
589: 93.7
590: 95.1
591: 94.6
592: 95.0
593: 91.2
594: 93.1
595: 92.9
596: 94.1
597: 92.7
598: 94.4
599: 88.6
600: 90.6
601: 89.9
602: 88.3
603: 92.1
604: 92.6
605: 95.1
606: 77.9
607: 88.2
608: 96.4
609: 94.1
610: 91.2
611: 90.3
612: 93.0
613: 91.9
614: 89.5
615: 91.0
616: 86.1
617: 89.3
618: 85.1
619: 91.2
620: 89.9
621: 92.6
622: 82.8
623: 91.0
624: 92.7
625: 91.3
626: 92.8
627: 89.0
628: 92.5
629: 83.3
630: 92.0
631: 91.0
632: 89.3
633: 91.9
634: 91.1
635: 87.3
636: 88.7
637: 93.7
638: 90.0
639: 95.5
640: 87.2
641: 95.7
642: 93.6
643: 92.9
644: 91.4
645: 82.6
646: 80.5
647: 92.9
648: 92.1
649: 94.3
650: 93.7
651: 85.4
652: 94.7
653: 72.5
654: 91.2
655: 91.9
656: 93.0
657: 95.0
658: 91.1
659: 86.6
660: 90.2
661: 88.8
662: 90.2
663: 88.7
664: 79.4
665: 93.7
666: 91.7
667: 84.6
668: 93.8
669: 93.2
670: 90.8
671: 90.5
672: 92.1
673: 87.4
674: 91.9
675: 92.3
676: 88.5
677: 92.7
678: 92.3
679: 86.5
680: 93.4
681: 89.1
682: 93.0
683: 92.6
684: 93.0
685: 90.9
686: 88.0
687: 78.0
688: 90.7
689: 88.0
690: 89.8
691: 88.0
692: 90.5
693: 93.2
694: 91.2
695: 82.5
696: 90.3
697: 93.5
698: 92.6
699: 88.4
700: 93.4
701: 85.9
702: 93.3
703: 87.0
704: 93.9
705: 88.5
706: 93.1
707: 92.0
708: 85.7
709: 92.7
710: 92.2
711: 64.6
712: 66.6
713: 94.9
714: 93.2
715: 76.8
716: 89.6
717: 95.9
718: 87.9
719: 87.5
720: 92.9
721: 93.5
722: 89.5
723: 87.1
724: 90.0
725: 90.8
726: 91.7
727: 88.5
728: 94.6
729: 90.2
730: 91.3
731: 90.6
732: 90.2
733: 87.0
734: 86.9
735: 90.4
736: 90.1
737: 90.2
738: 92.5
739: 92.3
740: 73.8
741: 87.5
742: 93.8
743: 90.6
744: 90.8
745: 89.1
746: 77.9
747: 92.2
748: 88.0
749: 91.2
750: 88.6
751: 84.2
752: 90.9
753: 89.2
754: 91.0
755: 90.6
756: 92.1
757: 89.7
758: 85.1
759: 92.5
760: 86.4
761: 83.7
762: 92.2
763: 88.9
764: 90.2
765: 95.6
766: 94.6
767: 89.7
768: 93.9
769: 87.6
770: 92.3
771: 89.4
772: 92.2
773: 92.4
774: 93.2
775: 91.9
776: 95.4
777: 92.9
778: 92.2
779: 91.6
780: 92.5
781: 93.7
782: 91.5
783: 93.0
784: 92.8
785: 84.2
786: 89.5
787: 86.3
788: 90.5
789: 88.1
790: 90.7
791: 74.6
792: 89.1
793: 91.2
794: 85.8
795: 91.5
796: 93.9
797: 92.6
798: 91.5
799: 92.2
800: 93.4
801: 92.0
802: 88.1
803: 82.3
804: 83.4
805: 86.8
806: 83.6
807: 66.9
808: 94.5
809: 92.5
810: 90.9
811: 90.8
812: 85.1
813: 93.1
814: 90.4
815: 89.8
816: 81.5
817: 90.0
818: 89.6
819: 71.8
820: 89.0
821: 87.5
822: 93.2
823: 91.8
824: 91.6
825: 81.9
826: 90.1
827: 87.7
828: 92.8
829: 55.9
830: 78.3
831: 93.7
832: 93.4
833: 85.7
834: 80.2
835: 91.1
836: 91.8
837: 91.8
838: 91.4
839: 95.2
840: 91.5
841: 91.6
842: 86.5
843: 87.7
844: 94.1
845: 92.6
846: 90.3
847: 93.6
848: 92.2
849: 94.9
850: 93.3
851: 91.1
852: 92.5
853: 93.9
854: 93.0
855: 91.9
856: 87.7
857: 91.5
858: 92.2
859: 92.6
860: 92.3
861: 91.3
862: 91.5
863: 93.7
864: 93.5
865: 94.2
866: 93.1
867: 94.2
868: 92.7
869: 91.3
870: 89.4
871: 87.1
872: 89.0
873: 94.1
874: 93.1
875: 92.3
876: 91.1
877: 86.4
878: 87.4
879: 84.7
880: 89.1
881: 80.4
882: 89.5
883: 92.8
884: 92.6
885: 86.5
886: 92.1
887: 92.3
888: 76.1
889: 93.3
890: 92.9
891: 84.6
892: 96.0
893: 85.3
894: 91.6
895: 92.5
896: 86.4
897: 91.8
898: 91.9
899: 94.0
900: 92.4
901: 91.0
902: 96.3
903: 90.6
904: 77.9
905: 92.5
906: 93.1
907: 89.8
908: 93.1
909: 92.3
910: 91.5
911: 92.3
912: 89.1
913: 90.3
914: 93.8
915: 93.6
916: 89.0
917: 84.5
918: 91.4
919: 93.7
920: 93.4
921: 91.1
922: 93.5
923: 92.8
924: 86.0
925: 88.9
926: 88.4
927: 93.4
928: 88.1
929: 81.3
930: 93.4
931: 93.7
932: 92.2
933: 95.2
934: 93.6
935: 89.1
936: 93.1
937: 93.2
938: 90.6
939: 93.1
940: 90.6
941: 85.6
942: 91.7
943: 89.4
944: 90.6
945: 88.8
946: 94.5
947: 92.0
948: 89.7
949: 92.7
950: 93.2
951: 75.2
952: 92.2
953: 90.9
954: 81.7
955: 85.9
956: 92.6
957: 92.5
958: 93.1
959: 93.3
960: 92.5
961: 87.3
962: 82.1
963: 83.8
964: 91.9
965: 90.0
966: 93.4
967: 92.4
968: 89.1
969: 92.3
970: 96.4
971: 94.4
972: 92.4
973: 94.6
974: 87.5
975: 89.4
976: 89.8
977: 91.3
978: 91.1
979: 94.9
980: 80.4
981: 93.5
982: 93.9
983: 93.5
984: 90.6
985: 90.4
986: 91.2
987: 72.2
988: 92.0
989: 95.1
990: 98.1
991: 82.1
992: 91.4
993: 89.1
994: 85.6
995: 91.4
996: 92.3
997: 78.5
998: 90.7
999: 96.8
DATA, 4, 13.710000
CPU efficiency: 0.500000
Finished run on 4 elf21 cores
